1000 0.000154 8707.985000 8652 8759
2000 0.000327 19412.705000 19337 19479
3000 0.000505 30919.979000 30808 31012
4000 0.000698 42819.933000 42679 42929
5000 0.000898 55226.554000 55089 55353
6000 0.001084 67839.722000 67687 67986
7000 0.001285 80676.742000 80505 80839
8000 0.001490 93643.828000 93494 93831
9000 0.001710 106976.481000 106784 107155
10000 0.001902 120450.927000 120269 120656
11000 0.002111 134027.801000 133834 134235
12000 0.002314 147674.301000 147441 147859
13000 0.002524 161475.792000 161268 161698
14000 0.002734 175360.035000 175133 175587
15000 0.002953 189299.636000 189068 189537
16000 0.003167 203283.015000 203028 203503
17000 0.003397 217528.823000 217312 217743
18000 0.003626 231953.000000 231714 232194
19000 0.003835 246405.129000 246191 246626
20000 0.004042 260898.461000 260633 261143
